2025-02-10 22:18:39 [main] INFO  com.student.util.Utility - Loading properties....
2025-02-10 22:18:39 [main] INFO  com.student.util.Utility - Properties : {password=6409, infi_password=admin, infi_host=localhost, infi_username=admin, dburl=jdbc:mariadb://localhost:3306/mydb, username=root}
2025-02-10 22:18:39 [main] INFO  com.student.client.RemoteCacheFactory - Creating remote cache manager
2025-02-10 22:18:39 [main] INFO  com.student.client.RemoteCacheFactory - Register Marshallers 
2025-02-10 22:18:40 [main] INFO  org.infinispan.HOTROD - ISPN004021: Infinispan version: Infinispan 'It Was All A Dream' 15.1.1.Final
2025-02-10 22:18:40 [main] INFO  com.student.client.RemoteCacheFactory - Connecting successfully with Infinispan
2025-02-10 22:18:40 [HotRod-client-async-pool-1-1] INFO  org.infinispan.HOTROD - ISPN004006: Server sent new topology view (id=-882755643, age=-1) containing 1 addresses: [127.0.0.1/<unresolved>:11222]
2025-02-10 22:18:40 [HotRod-client-async-pool-1-1] INFO  org.infinispan.HOTROD - ISPN004014: New server added(127.0.0.1/<unresolved>:11222), adding to the pool.
2025-02-10 22:18:40 [HotRod-client-async-pool-1-1] INFO  org.infinispan.HOTROD - ISPN004016: Server not in cluster anymore(localhost/<unresolved>:11222), removing from the pool.
2025-02-10 22:18:40 [main] INFO  com.student.client.RemoteCacheFactory - Register proto files
2025-02-10 22:18:40 [main] INFO  com.student.client.InsertDataFromDB - Query for loading data in cache: SELECT * FROM STUDENT
2025-02-10 22:18:40 [main] INFO  com.student.dao.DBConnection - Connected to database successfully.
2025-02-10 22:18:40 [main] INFO  com.student.client.InsertDataFromDB - Going to insert records in cache
2025-02-10 22:18:40 [main] INFO  com.student.client.InsertDataFromDB - StudentDetails [studentName=John Doe, studentAge=21.5, studentAddress=123 Main Street, NY, studentPhoneNumber=9876543210]
2025-02-10 22:18:40 [main] INFO  com.student.client.InsertDataFromDB - StudentDetails [studentName=Alice Smith, studentAge=22.0, studentAddress=456 Elm Street, LA, studentPhoneNumber=8765432109]
2025-02-10 22:18:40 [main] INFO  com.student.client.InsertDataFromDB - StudentDetails [studentName=Michael Johnson, studentAge=23.0, studentAddress=789 Oak Avenue, Chicago, studentPhoneNumber=7654321098]
2025-02-10 22:18:40 [main] INFO  com.student.client.InsertDataFromDB - StudentDetails [studentName=Emily Davis, studentAge=20.0, studentAddress=159 Maple Road, Houston, studentPhoneNumber=6543210987]
2025-02-10 22:18:40 [main] INFO  com.student.client.InsertDataFromDB - StudentDetails [studentName=Daniel Brown, studentAge=24.0, studentAddress=753 Pine Street, Miami, studentPhoneNumber=5432109876]
2025-02-10 22:18:40 [main] INFO  com.student.client.InsertDataFromDB - StudentDetails [studentName=Sophia Wilson, studentAge=22.0, studentAddress=951 Cedar Lane, Boston, studentPhoneNumber=4321098765]
2025-02-10 22:18:40 [main] INFO  com.student.client.InsertDataFromDB - StudentDetails [studentName=William Moore, studentAge=25.0, studentAddress=369 Birch Drive, Dallas, studentPhoneNumber=3210987654]
2025-02-10 22:18:40 [main] INFO  com.student.client.InsertDataFromDB - StudentDetails [studentName=Emma White, studentAge=21.0, studentAddress=147 Redwood Blvd, Seattle, studentPhoneNumber=2109876543]
2025-02-10 22:18:40 [main] INFO  com.student.client.InsertDataFromDB - StudentDetails [studentName=James Anderson, studentAge=23.0, studentAddress=258 Palm Avenue, San Diego, studentPhoneNumber=1098765432]
2025-02-10 22:18:40 [main] INFO  com.student.client.InsertDataFromDB - StudentDetails [studentName=Olivia Thomas, studentAge=22.0, studentAddress=852 Spruce Street, Denver, studentPhoneNumber=9988776655]
2025-02-10 22:18:40 [main] INFO  com.student.client.InsertDataFromDB - StudentDetails [studentName=ravi, studentAge=24.0, studentAddress=gwalior, studentPhoneNumber=9993697030]
2025-02-10 22:18:40 [main] INFO  com.student.client.InsertDataFromDB - StudentDetails [studentName=Robert King, studentAge=20.0, studentAddress=101 Elm Street, NY, studentPhoneNumber=9876501234]
2025-02-10 22:18:40 [main] INFO  com.student.client.InsertDataFromDB - StudentDetails [studentName=Laura Green, studentAge=23.0, studentAddress=202 Oak Avenue, LA, studentPhoneNumber=8765432101]
2025-02-10 22:18:40 [main] INFO  com.student.client.InsertDataFromDB - StudentDetails [studentName=David Miller, studentAge=22.0, studentAddress=303 Pine Lane, Chicago, studentPhoneNumber=7654321090]
2025-02-10 22:18:40 [main] INFO  com.student.client.InsertDataFromDB - StudentDetails [studentName=Sarah Adams, studentAge=21.5, studentAddress=404 Maple Road, Houston, studentPhoneNumber=6543210981]
2025-02-10 22:18:40 [main] INFO  com.student.client.InsertDataFromDB - StudentDetails [studentName=Kevin Clark, studentAge=24.0, studentAddress=505 Cedar Street, Miami, studentPhoneNumber=5432109872]
2025-02-10 22:18:40 [main] INFO  com.student.client.InsertDataFromDB - StudentDetails [studentName=Sophia Roberts, studentAge=22.0, studentAddress=606 Birch Drive, Boston, studentPhoneNumber=4321098763]
2025-02-10 22:18:40 [main] INFO  com.student.client.InsertDataFromDB - StudentDetails [studentName=Thomas Lewis, studentAge=25.0, studentAddress=707 Redwood Blvd, Dallas, studentPhoneNumber=3210987655]
2025-02-10 22:18:40 [main] INFO  com.student.client.InsertDataFromDB - StudentDetails [studentName=Emma Walker, studentAge=21.0, studentAddress=808 Palm Avenue, Seattle, studentPhoneNumber=2109876544]
2025-02-10 22:18:40 [main] INFO  com.student.client.InsertDataFromDB - StudentDetails [studentName=Daniel Harris, studentAge=23.0, studentAddress=909 Spruce Street, San Diego, studentPhoneNumber=1098765433]
2025-02-10 22:18:40 [main] INFO  com.student.client.InsertDataFromDB - StudentDetails [studentName=Isabella Martinez, studentAge=22.0, studentAddress=1001 Aspen Road, Denver, studentPhoneNumber=9988776644]
2025-02-10 22:18:40 [main] INFO  com.student.client.InsertDataFromDB - Record inserted count : 21
2025-02-10 22:18:40 [main] INFO  com.student.client.InsertDataFromDB - Get records from cache
2025-02-10 22:18:40 [main] INFO  com.student.client.InsertDataFromDB - Query for cache : FROM com.student.pojo.StudentDetails
2025-02-10 22:18:40 [main] INFO  com.student.client.InsertDataFromDB - StudentDetails [studentName=abdul, studentAge=21, studentAddress=Hydrabad, studentPhoneNumber=7896541230]
2025-02-10 22:18:40 [main] INFO  com.student.client.InsertDataFromDB - StudentDetails [studentName=Golu, studentAge=21, studentAddress=Pune, studentPhoneNumber=7896541230]
2025-02-10 22:18:40 [main] INFO  com.student.client.InsertDataFromDB - StudentDetails [studentName=Aman, studentAge=21, studentAddress=Delhi, studentPhoneNumber=7896541230]
2025-02-10 22:18:40 [main] INFO  com.student.client.InsertDataFromDB - StudentDetails [studentName=Raj, studentAge=21, studentAddress=Mumbai, studentPhoneNumber=7896541230]
2025-02-10 22:18:40 [main] INFO  com.student.client.InsertDataFromDB - StudentDetails [studentName=Ravi, studentAge=21, studentAddress=Gwalior, studentPhoneNumber=7896541230]
2025-02-10 22:18:40 [main] INFO  com.student.client.InsertDataFromDB - StudentDetails [studentName=Rakesh, studentAge=21, studentAddress=Agra, studentPhoneNumber=7896541230]
2025-02-10 22:18:40 [main] INFO  com.student.client.InsertDataFromDB - StudentDetails [studentName=Neha, studentAge=21, studentAddress=Indore, studentPhoneNumber=7896541230]
2025-02-10 22:18:40 [main] INFO  com.student.client.InsertDataFromDB - StudentDetails [studentName=sachin, studentAge=21, studentAddress=Odisa, studentPhoneNumber=7896541230]
2025-02-10 22:18:40 [main] INFO  com.student.client.InsertDataFromDB - StudentDetails [studentName=Sarah Adams, studentAge=21.5, studentAddress=404 Maple Road, Houston, studentPhoneNumber=6543210981]
2025-02-10 22:18:40 [main] INFO  com.student.client.InsertDataFromDB - StudentDetails [studentName=Kevin Clark, studentAge=24.0, studentAddress=505 Cedar Street, Miami, studentPhoneNumber=5432109872]
2025-02-10 22:18:40 [main] INFO  com.student.client.InsertDataFromDB - StudentDetails [studentName=Emma Walker, studentAge=21.0, studentAddress=808 Palm Avenue, Seattle, studentPhoneNumber=2109876544]
2025-02-10 22:18:40 [main] INFO  com.student.client.InsertDataFromDB - StudentDetails [studentName=Isabella Martinez, studentAge=22.0, studentAddress=1001 Aspen Road, Denver, studentPhoneNumber=9988776644]
2025-02-10 22:18:40 [main] INFO  com.student.client.InsertDataFromDB - StudentDetails [studentName=Robert King, studentAge=20.0, studentAddress=101 Elm Street, NY, studentPhoneNumber=9876501234]
2025-02-10 22:18:40 [main] INFO  com.student.client.InsertDataFromDB - StudentDetails [studentName=Laura Green, studentAge=23.0, studentAddress=202 Oak Avenue, LA, studentPhoneNumber=8765432101]
2025-02-10 22:18:40 [main] INFO  com.student.client.InsertDataFromDB - StudentDetails [studentName=John Doe, studentAge=21.5, studentAddress=123 Main Street, NY, studentPhoneNumber=9876543210]
2025-02-10 22:18:40 [main] INFO  com.student.client.InsertDataFromDB - StudentDetails [studentName=Alice Smith, studentAge=22.0, studentAddress=456 Elm Street, LA, studentPhoneNumber=8765432109]
2025-02-10 22:18:40 [main] INFO  com.student.client.InsertDataFromDB - StudentDetails [studentName=James Anderson, studentAge=23.0, studentAddress=258 Palm Avenue, San Diego, studentPhoneNumber=1098765432]
2025-02-10 22:18:40 [main] INFO  com.student.client.InsertDataFromDB - StudentDetails [studentName=William Moore, studentAge=25.0, studentAddress=369 Birch Drive, Dallas, studentPhoneNumber=3210987654]
2025-02-10 22:18:40 [main] INFO  com.student.client.InsertDataFromDB - StudentDetails [studentName=Daniel Brown, studentAge=24.0, studentAddress=753 Pine Street, Miami, studentPhoneNumber=5432109876]
2025-02-10 22:18:40 [main] INFO  com.student.client.InsertDataFromDB - StudentDetails [studentName=Olivia Thomas, studentAge=22.0, studentAddress=852 Spruce Street, Denver, studentPhoneNumber=9988776655]
2025-02-10 22:18:40 [main] INFO  com.student.client.InsertDataFromDB - StudentDetails [studentName=David Miller, studentAge=22.0, studentAddress=303 Pine Lane, Chicago, studentPhoneNumber=7654321090]
2025-02-10 22:18:40 [main] INFO  com.student.client.InsertDataFromDB - StudentDetails [studentName=Sophia Roberts, studentAge=22.0, studentAddress=606 Birch Drive, Boston, studentPhoneNumber=4321098763]
2025-02-10 22:18:40 [main] INFO  com.student.client.InsertDataFromDB - StudentDetails [studentName=Thomas Lewis, studentAge=25.0, studentAddress=707 Redwood Blvd, Dallas, studentPhoneNumber=3210987655]
2025-02-10 22:18:40 [main] INFO  com.student.client.InsertDataFromDB - StudentDetails [studentName=Daniel Harris, studentAge=23.0, studentAddress=909 Spruce Street, San Diego, studentPhoneNumber=1098765433]
2025-02-10 22:18:40 [main] INFO  com.student.client.InsertDataFromDB - StudentDetails [studentName=Emma White, studentAge=21.0, studentAddress=147 Redwood Blvd, Seattle, studentPhoneNumber=2109876543]
2025-02-10 22:18:40 [main] INFO  com.student.client.InsertDataFromDB - StudentDetails [studentName=ravi, studentAge=24.0, studentAddress=gwalior, studentPhoneNumber=9993697030]
2025-02-10 22:18:40 [main] INFO  com.student.client.InsertDataFromDB - StudentDetails [studentName=Michael Johnson, studentAge=23.0, studentAddress=789 Oak Avenue, Chicago, studentPhoneNumber=7654321098]
2025-02-10 22:18:40 [main] INFO  com.student.client.InsertDataFromDB - StudentDetails [studentName=Emily Davis, studentAge=20.0, studentAddress=159 Maple Road, Houston, studentPhoneNumber=6543210987]
2025-02-10 22:18:40 [main] INFO  com.student.client.InsertDataFromDB - StudentDetails [studentName=Sophia Wilson, studentAge=22.0, studentAddress=951 Cedar Lane, Boston, studentPhoneNumber=4321098765]
2025-02-10 22:18:40 [main] INFO  com.student.client.InsertDataFromDB - Total records from cache : 29
